dynamic isn't it
* load_address = 0x200000 + 0x0
* Loading segment of size 170037 from 0x7f0fb011c010 to virtual 0x200000
* load_address = 0x200000 + 0x2a000
* Loading segment of size 45148 from 0x7f0fb0146010 to virtual 0x22a000
* load_address = 0x200000 + 0x36260
* Loading segment of size 9708 from 0x7f0fb0151270 to virtual 0x236260
* Entry is at 0x21de40
* BRK is at 0x3ca000 -> 0x400000
* Stack is at 0x23a000 -> 0x3ca000
* Heap starts at 0x400000

dl-call-libc-early-init.c
_dl_call_libc_early_init.cold
__PRETTY_FUNCTION__.0
dl-call_fini.c
dl-catch.c
fatal_error
rtld_catch_notls
receiver
dl-close.c
remove_slotinfo
remove_slotinfo.cold
__PRETTY_FUNCTION__.0
dl_close_state.2
_dl_close_worker.cold
__PRETTY_FUNCTION__.1
dl-debug.c
_r_debug_main
dl-debug_state.c
dl-deps.c
openaux
_dl_map_object_deps.cold
__PRETTY_FUNCTION__.0
dl-exception.c
length_mismatch
_dl_out_of_memory
dl-execstack.c
dl-execstack-tunable.c
dl-find_object.c
_dl_find_object_from_map
_dlfo_process_initial_noncontiguous_map
_dlfo_nodelete_mappings
_dlfo_process_initial
_dlfo_loaded_mappings
_dlfo_nodelete_mappings_size
_dlfo_main
_dlfo_loaded_mappings_version
_dlfo_nodelete_mappings_end
__GI__dl_find_object.cold
__PRETTY_FUNCTION__.0
_dl_find_object_update.cold
__PRETTY_FUNCTION__.2
__PRETTY_FUNCTION__.1
dl-fini.c
_dl_fini.cold
__PRETTY_FUNCTION__.0
dl-init.c
call_init
call_init.cold
__PRETTY_FUNCTION__.0
dl-load.c
is_dst
is_trusted_path_normalize
_dl_notify_new_object
_dl_notify_new_object.cold
__PRETTY_FUNCTION__.0
open_verify.constprop.0
expected.4
open_path
max_capstrlen
max_dirnamelen
ncapstr
capstr
add_path.constprop.0.isra.0
add_name_to_object.isra.0
add_name_to_object.isra.0.cold
__PRETTY_FUNCTION__.6
expand_dynamic_string_token
expand_dynamic_string_token.cold
__PRETTY_FUNCTION__.8
fillin_rpath.isra.0
decompose_rpath
cache_rpath
system_dirs
_dl_init_paths.cold
__PRETTY_FUNCTION__.9
_dl_map_object_from_fd
_dl_map_object_from_fd.cold
__PRETTY_FUNCTION__.1
__PRETTY_FUNCTION__.2
_dl_lookup_map.cold
__PRETTY_FUNCTION__.7
dummy_bucket.5
dl-lookup.c
check_match
do_lookup_x
_dl_lookup_symbol_x.cold
__PRETTY_FUNCTION__.1
dl-lookup-direct.c
check_match
dl-minimal-malloc.c
alloc_end
alloc_ptr
alloc_last_block
__minimal_realloc.cold
__PRETTY_FUNCTION__.0
dl-misc.c
primes.0
dl-object.c
_dl_new_object.cold
__PRETTY_FUNCTION__.0
dl-open.c
add_to_global_update
add_to_global_update.cold
__PRETTY_FUNCTION__.5
dl_open_worker
dl_open_worker_begin
call_dl_init
_dl_open_relocate_one_object.part.0
add_to_global_resize_failure.isra.0
add_to_global_resize
__GI__dl_find_dso_for_object.cold
__PRETTY_FUNCTION__.0
_dl_open.cold
__PRETTY_FUNCTION__.1
dl_open_worker_begin.cold
__PRETTY_FUNCTION__.3
__PRETTY_FUNCTION__.2
__PRETTY_FUNCTION__.4
dl-origin.c
_dl_get_origin.cold
__PRETTY_FUNCTION__.0
dl-printf.c
_dl_debug_vdprintf
_dl_debug_vdprintf.cold
__PRETTY_FUNCTION__.0
dl-readonly-area.c
dl-reloc.c
errstring.1
msg.0
_dl_relocate_object_no_relro.cold
__PRETTY_FUNCTION__.2
dl-runtime.c
_dl_fixup.cold
__PRETTY_FUNCTION__.1
_dl_profile_fixup.cold
__PRETTY_FUNCTION__.0
dl-scope.c
dl-setup_hash.c
_dl_setup_hash.cold
__PRETTY_FUNCTION__.0
dl-sort-maps.c
dfs_traversal.part.0
__PRETTY_FUNCTION__.0
_dl_sort_maps.cold
dl-thread_gscope_wait.c
dl-tls.c
allocate_dtv
tls_get_addr_tail
_dl_resize_dtv
_dl_assign_tls_modid.cold
__PRETTY_FUNCTION__.1
__GI__dl_allocate_tls_init.cold
__PRETTY_FUNCTION__.2
_dl_update_slotinfo.cold
__PRETTY_FUNCTION__.3
update_get_addr
_dl_add_to_slotinfo.cold
__PRETTY_FUNCTION__.5
dl-tls_init_tp.c
rtld_mutex_dummy
dl-tunables.c
do_tunable_update_val
tunable_initialize
tunable_list
tunable_env_alias_list
dl-version.c
__PRETTY_FUNCTION__.1
_dl_check_map_versions.cold
__PRETTY_FUNCTION__.0
dl-write.c
dl-cache.c
search_cache
glibc_hwcaps_priorities_length
glibc_hwcaps_priorities
cache_new
cachesize
cache
glibc_hwcaps_priorities_allocated
glibc_hwcaps_priorities_malloced
_dl_load_cache_lookup.cold
__PRETTY_FUNCTION__.0
dl-cet.c
dl_check_legacy_object
dl_cet_check
dl-get-cpu-features.c
handle_zhaoxin
handle_amd
handle_hygon
_dl_tunable_set_prefer_map_32bit_exec
_dl_tunable_set_plt_rewrite
get_common_indices.constprop.0
get_common_cache_info.constprop.0
intel_check_word.constprop.0
intel_02_known
intel_check_word.constprop.0.cold
__PRETTY_FUNCTION__.0
handle_intel.constprop.0
update_active.constprop.0
init_cpu_features.constprop.0
CSWTCH.78
__x86_cpu_features_ifunc
tlsdesc.c
dl-audit.c
_dl_audit_pltenter.cold
__PRETTY_FUNCTION__.1
dl-compat.c
dl-diagnostics.c
print_quoted_char
unfiltered.1
dl-diagnostics-cpu.c
_dl_diagnostics_cpuid_store
_dl_diagnostics_cpuid_collect_1
_dl_diagnostics_cpuid_print_query
_dl_diagnostics_cpuid
cpuid_registers_zero
dl-diagnostics-kernel.c
print_uname
dl-environ.c
dl-hwcaps.c
copy_hwcaps
_dl_important_hwcaps.cold
__PRETTY_FUNCTION__.0
dl-hwcaps-subdirs.c
dl-hwcaps_split.c
dl-libc_freeres.c
free_slotinfo
dl-minimal.c
__rtld_malloc_is_complete.cold
__PRETTY_FUNCTION__.0
lookup_malloc_symbol
lookup_malloc_symbol.cold
__PRETTY_FUNCTION__.1
_itoa.cold
__PRETTY_FUNCTION__.2
__strsep.cold
__PRETTY_FUNCTION__.3
dl-mutex.c
__rtld_mutex_init.cold
__PRETTY_FUNCTION__.0
dl-profile.c
running
fromlimit
lowpc
textsize
log_hashfraction
narcsp
data
tos
fromidx
froms
narcs
dl-sysdep.c
_dl_sysdep_parse_arguments
_dl_tunable_set_hwcaps.cold
__PRETTY_FUNCTION__.0
auxvars.1
dl-usage.c
print_search_path_for_help_1.part.0
rtld.c
_dl_start
dlmopen_doit
dl_main
lookup_doit
map_doit
relocate_doit
print_unresolved
print_missing_version
do_preload
print_statistics_item
print_statistics
relocate_time
load_time
audit_list_next
unload_audit_module
unload_audit_module.cold
__PRETTY_FUNCTION__.14
version_check_doit
process_dl_debug.isra.0
debopts.5
init_tls
start_time
_dl_start.cold
__PRETTY_FUNCTION__.0
__PRETTY_FUNCTION__.1
_dl_rtld_libname
newname.3
rfv.9
preload_file.4
audit_iface_names.13
dl_main.cold
__PRETTY_FUNCTION__.10
__PRETTY_FUNCTION__.6
__PRETTY_FUNCTION__.2
__PRETTY_FUNCTION__.12
__PRETTY_FUNCTION__.11
__PRETTY_FUNCTION__.8
__PRETTY_FUNCTION__.7
dl-brk.c
dl-getcwd.c
__getcwd.cold
__PRETTY_FUNCTION__.0
dl-openat64.c
openat64.cold
__PRETTY_FUNCTION__.0
dl-opendir.c
dl-sbrk.c
check_fds.c
check_one_fd
errno.c
closedir.c
fdopendir.c
readdir64.c
rewinddir.c
getdents64.c
dl-addr-obj.c
prof-freq.c
profil.c
__profil_counter
pc_offset
pc_scale
nsamples
samples
access.c
fstat64.c
fstatat64.c
lseek64.c
lstat64.c
openat64.c
stat64.c
close_nocancel.c
close_nocancel_nostatus.c
fcntl_nocancel.c
open64_nocancel.c
pread64_nocancel.c
read_nocancel.c
write_nocancel.c
scratch_buffer_set_array_size.c
fd_to_filename.c
__fd_to_filename.cold
__PRETTY_FUNCTION__.0
mmap64.c
setvmaname.c
decorate_maps
lowlevellock.c
_exit.c
environ.c
libc_sigaction.c
__restore_rt
_fitoa_word.c
itoa-udigits.c
getenv.c
rtld-strcspn.c
strdup.c
strerrorname_np.c
setitimer.c
errname.c
_sys_errnameidx
_sys_errname

stpcpy
__libc_sigaction
__thread_gscope_wait
_dl_setup_hash
unsetenv
_dl_debug_printf
__GI___fstat64
bcmp
_dl_check_map_versions
__longjmp
_dl_receive_error
__ehdr_start
__GI__dl_find_dso_for_object
handle_preload_list
__GI__r_debug
_rseq_align
fstatat
__getpid
fdopendir
_dl_important_hwcaps
__GI___close_nocancel_nostatus
_dl_reloc_bad_type
_dl_debug_change_state
_dl_tunable_set_x86_ibt
__minimal_malloc
_dl_diagnostics_print_labeled_string
strerrorname_np
__strnlen
__tls_init_tp
stat64
memmove
__GI__itoa_lower_digits
_dl_new_object
___rtld_mutex_lock
_dl_audit_objclose
__fcntl64_nocancel
_dl_make_stack_executable
__GI__dl_allocate_tls_init
munmap
__GI___assert_fail
_DYNAMIC
_dl_x86_init_cpu_features
_dl_load_cache_lookup
__mmap
__mprotect
__GI__dl_mcount
getenv
__rtld_realloc
_itoa_word
_dl_sysdep_start
_dl_profile_fixup
__getcwd
__x86_cpu_features
getpid
__openat64
_dl_higher_prime_number
__lll_lock_wait
_dl_sysdep_start_cleanup
__GI__dl_allocate_tls
_dl_strtoul
_dl_rtld_map
_dl_init
__GI___munmap
memcpy
setitimer
__GI__dl_exception_create
__minimal_realloc
_dl_diagnostics_print_string
_dl_try_allocate_static_tls
_dl_addr_inside_object
__GI___open_nocancel
_dl_hwcaps_priorities
__libc_scratch_buffer_set_array_size
rewinddir
_dl_cet_setup_features
_dl_runtime_resolve_xsavec
__fd_to_filename
__rtld_libc_freeres
__stat
__rtld_calloc
_dlfo_sort_mappings
__environ_array_list
_dl_protect_relro
openat64
__strerror_r
_dl_hwcaps_subdirs
__GI___assert_perror_fail
__GI___write_nocancel
_dl_update_slotinfo
__GI__itoa_upper_digits
_dl_tls_threads_in_update
__strsep
__fstatat
_dl_printf
_dl_fini
__minimal_calloc
_dl_count_modids
readdir
_dl_audit_pltexit
__lseek64
mempcpy
__GI___libc_enable_secure
_environ
__GI__dl_catch_exception
__GI___rseq_size
___rtld_mutex_unlock
_dl_allocate_tls_storage
lseek
_dl_next_ld_env_entry
_dl_scope_free
__environ
mmap
_dl_audit_objopen
__rtld_malloc
_Exit
_r_debug_array
_dl_lookup_symbol_x
__sigjmp_save
__lstat64
_dl_close
__GI___tls_get_addr
fstat64
__open_nocancel
_dl_canonicalize
__GI___libc_stack_end
__sigsetjmp
__libc_lseek64
strnlen
__fcntl64_nocancel_adjusted
uname
_dl_lookup_direct
__stat64
__lll_lock_wake
_dl_tlsdesc_dynamic_xsavec
_dl_version
__get_errname
_dl_tunable_set_x86_shstk
__GI___mprotect
_dl_lookup_map
__libc_check_standard_fds
_rtld_local
__GI__dl_argv
__setitimer
__lll_lock_wake_private
__tls_pre_init_tp
_dl_rtld_auditstate
_dl_cet_open_check
_dl_error_printf
__GI___pread64_nocancel
__GI___chk_fail
environ
fstat
__GI__dl_fatal_printf
__rtld_malloc_is_complete
_dl_add_to_namespace_list
__rtld_version_placeholder_1
_dl_argc
_dl_debug_printf_c
_dl_tls_initial_modid_limit
__profile_frequency
_.stapsdt.base
__stpcpy
__mmap64
_dl_init_paths
__GI___tunable_get_val
_dl_x86_features_tlsdesc_state_size
_dl_runtime_profile_avx512
_dl_hwcaps_subdirs_active
__GI___sigsetjmp
__readdir64
__read_nocancel
__strchrnul
_dl_find_object_freeres
memchr
_dl_process_pt_gnu_property
__GI___tunable_set_val
__chk_fail
__readdir
_itoa
_dl_dst_substitute
_rseq_size
_start
lstat
__GI___read_nocancel
__GI___fcntl64_nocancel
__rtld_tls_init_tp_called
_dl_readonly_area
_dl_signal_cerror
__is_decorate_maps_enabled
__environ_counter
strncmp
_dl_find_object_dlclose
getdents64
__rtld_mutex_init
__GI___rseq_offset
__rtld_malloc_init_stubs
_dl_runtime_resolve_xsave
__GI__dl_find_object
__opendir
_dl_find_object_init
_dl_open
_dl_check_all_versions
_dl_debug_initialize
__strdup
_dl_audit_objsearch
_dl_audit_activity_nsid
__brk
readdir64
memcmp
__profil
lstat64
__GI__dl_deallocate_tls
_dl_get_origin
_dl_relocate_object_no_relro
_dl_handle_execstack_tunable
__GI___tunable_is_initialized
__GI_munmap
_dl_name_match_p
_dl_map_new_object
sbrk
_itoa_lower_digits
strdup
__GI_getpid
__rewinddir
_dl_help
_dl_random
_dl_unmap
index
memset
_dl_call_fini
_dl_start_profile
_dl_determine_tlsoffset
__pread64_nocancel
__GNU_EH_FRAME_HDR
_dl_call_libc_early_init
__GI_uname
_dl_hwcaps_split
_dl_cache_libcmp
__rtld_search_dirs
_dl_relocate_object
opendir
_rseq_offset
_dl_dst_count
__assert_fail
__GI__dl_signal_error
_rtld_local_ro
__lseek
__GI___close_nocancel
_dl_allocate_static_tls
__GI__exit
_dl_cet_check
__GI___lstat64
strcmp
_dl_diagnostics_print_labeled_value
__memchr
__rtld_free
_dl_print_diagnostics
getcwd
__libc_openat64
_dl_sort_maps
fstatat64
__write_nocancel
__mempcpy
__tls_get_addr_slow
_dl_unload_cache
strcspn
_dl_tls_initial_modid_limit_setup
__pthread_force_elision
__GI___tunables_print
mmap64
__GI__dl_exception_create_format
__fstat64
__GI___libc_fatal
_dl_runtime_profile_avx
profil
strsep
_dl_write
_dl_init_static_tls
__rtld_malloc_init_real
__strsep_g
_dl_hwcaps_contains
__libc_lseek
__GI__dl_audit_symbind_alt
__minimal_free
__uname
_dl_runtime_resolve_fxsave
_dl_debug_update
_dl_tls_get_addr_soft
__GI___open64_nocancel
_dl_start_user
_dl_audit_activity_map
__x86_cpu_features_p
stat
__fstatat64
__set_vma_name
__rtld_env_path_list
_dl_map_object
__GI___getpid
_dl_make_tlsdesc_dynamic
access
__GI_mprotect
_GLOBAL_OFFSET_TABLE_
_end
_dl_fixup
_fitoa_word
__fdopendir
__GI___stat64
__tunable_get_default
__GI___tunable_get_default
_r_debug_extended
__GI__dl_signal_exception
__GI___nptl_initial_report_events
__curbrk
__GI__dl_debug_state
_dl_debug_post_relocate
_dl_dprintf
_dl_find_object
__closedir
_dl_diagnostics_cpu
__munmap
_dl_runtime_profile_sse
__openat
brk
_dl_usage
__assert_perror_fail
_dl_tlsdesc_dynamic_xsave
openat
__fstat
__open64_nocancel
_dl_audit_pltenter
__lstat
_dl_diagnostics_kernel
_exit
_dl_tlsdesc_return
_dl_hwcaps_split_masked
rtld_errno
__alloc_dir
___tls_get_addr
__getdents64
__lll_lock_wait_private
strlen
lseek64
__GI___fstatat
__GI___uname
_dl_show_scope
_dl_sort_maps_init
_dl_error_free
strchr
_dl_audit_symbind
_dl_add_to_slotinfo
_dl_show_auxv
__libc_fatal
__sbrk
__GI__dl_exception_free
mprotect
__access
_dl_tlsdesc_dynamic_fxsave
closedir
_dl_signal_cexception
__GI___fstatat64
_dl_sysdep_read_whole_file
strchrnul
_dl_find_object_update
_dl_hwcaps_priorities_length
_dl_catch_error
_dl_tlsdesc_undefweak
__GI___tunables_init
__pointer_chk_guard_local
_dl_assign_tls_modid
_dl_close_worker
_dl_tls_static_surplus_init
_dl_tunable_set_hwcaps
_dl_map_object_deps
_rtld_global
_dl_audit_preinit
_dl_find_dso_for_object
_dl_exception_create
__libc_stack_end
_dl_catch_exception
_dl_fatal_printf
_dl_audit_symbind_alt
_dl_deallocate_tls
GLIBC_2.2.5
_dl_signal_exception
__tunable_get_val
__tunable_is_initialized
__libc_enable_secure
__rseq_offset
__tls_get_addr
GLIBC_2.4
_dl_get_tls_static_info
_dl_exception_free
GLIBC_2.34
_dl_debug_state
_dl_argv
__rtld_version_placeholder@GLIBC_2.34
_dl_allocate_tls_init
GLIBC_PRIVATE
_rtld_global_ro
_dl_rtld_di_serinfo
_dl_x86_get_cpu_features
GLIBC_2.35
_dl_mcount
__rseq_flags
_dl_allocate_tls
__nptl_initial_report_events
_dl_signal_error
_dl_exception_create_format
__rseq_size
_r_debug
GLIBC_2.3
target: my_backend
function not found
things initialized

dl-call-libc-early-init.c
_dl_call_libc_early_init.cold
__PRETTY_FUNCTION__.0
dl-call_fini.c
dl-catch.c
fatal_error
rtld_catch_notls
receiver
dl-close.c
remove_slotinfo
remove_slotinfo.cold
__PRETTY_FUNCTION__.0
dl_close_state.2
_dl_close_worker.cold
__PRETTY_FUNCTION__.1
dl-debug.c
_r_debug_main
dl-debug_state.c
dl-deps.c
openaux
_dl_map_object_deps.cold
__PRETTY_FUNCTION__.0
dl-exception.c
length_mismatch
_dl_out_of_memory
dl-execstack.c
dl-execstack-tunable.c
dl-find_object.c
_dl_find_object_from_map
_dlfo_process_initial_noncontiguous_map
_dlfo_nodelete_mappings
_dlfo_process_initial
_dlfo_loaded_mappings
_dlfo_nodelete_mappings_size
_dlfo_main
_dlfo_loaded_mappings_version
_dlfo_nodelete_mappings_end
__GI__dl_find_object.cold
__PRETTY_FUNCTION__.0
_dl_find_object_update.cold
__PRETTY_FUNCTION__.2
__PRETTY_FUNCTION__.1
dl-fini.c
_dl_fini.cold
__PRETTY_FUNCTION__.0
dl-init.c
call_init
call_init.cold
__PRETTY_FUNCTION__.0
dl-load.c
is_dst
is_trusted_path_normalize
_dl_notify_new_object
_dl_notify_new_object.cold
__PRETTY_FUNCTION__.0
open_verify.constprop.0
expected.4
open_path
max_capstrlen
max_dirnamelen
ncapstr
capstr
add_path.constprop.0.isra.0
add_name_to_object.isra.0
add_name_to_object.isra.0.cold
__PRETTY_FUNCTION__.6
expand_dynamic_string_token
expand_dynamic_string_token.cold
__PRETTY_FUNCTION__.8
fillin_rpath.isra.0
decompose_rpath
cache_rpath
system_dirs
_dl_init_paths.cold
__PRETTY_FUNCTION__.9
_dl_map_object_from_fd
_dl_map_object_from_fd.cold
__PRETTY_FUNCTION__.1
__PRETTY_FUNCTION__.2
_dl_lookup_map.cold
__PRETTY_FUNCTION__.7
dummy_bucket.5
dl-lookup.c
check_match
do_lookup_x
_dl_lookup_symbol_x.cold
__PRETTY_FUNCTION__.1
dl-lookup-direct.c
check_match
dl-minimal-malloc.c
alloc_end
alloc_ptr
alloc_last_block
__minimal_realloc.cold
__PRETTY_FUNCTION__.0
dl-misc.c
primes.0
dl-object.c
_dl_new_object.cold
__PRETTY_FUNCTION__.0
dl-open.c
add_to_global_update
add_to_global_update.cold
__PRETTY_FUNCTION__.5
dl_open_worker
dl_open_worker_begin
call_dl_init
_dl_open_relocate_one_object.part.0
add_to_global_resize_failure.isra.0
add_to_global_resize
__GI__dl_find_dso_for_object.cold
__PRETTY_FUNCTION__.0
_dl_open.cold
__PRETTY_FUNCTION__.1
dl_open_worker_begin.cold
__PRETTY_FUNCTION__.3
__PRETTY_FUNCTION__.2
__PRETTY_FUNCTION__.4
dl-origin.c
_dl_get_origin.cold
__PRETTY_FUNCTION__.0
dl-printf.c
_dl_debug_vdprintf
_dl_debug_vdprintf.cold
__PRETTY_FUNCTION__.0
dl-readonly-area.c
dl-reloc.c
errstring.1
msg.0
_dl_relocate_object_no_relro.cold
__PRETTY_FUNCTION__.2
dl-runtime.c
_dl_fixup.cold
__PRETTY_FUNCTION__.1
_dl_profile_fixup.cold
__PRETTY_FUNCTION__.0
dl-scope.c
dl-setup_hash.c
_dl_setup_hash.cold
__PRETTY_FUNCTION__.0
dl-sort-maps.c
dfs_traversal.part.0
__PRETTY_FUNCTION__.0
_dl_sort_maps.cold
dl-thread_gscope_wait.c
dl-tls.c
allocate_dtv
tls_get_addr_tail
_dl_resize_dtv
_dl_assign_tls_modid.cold
__PRETTY_FUNCTION__.1
__GI__dl_allocate_tls_init.cold
__PRETTY_FUNCTION__.2
_dl_update_slotinfo.cold
__PRETTY_FUNCTION__.3
update_get_addr
_dl_add_to_slotinfo.cold
__PRETTY_FUNCTION__.5
dl-tls_init_tp.c
rtld_mutex_dummy
dl-tunables.c
do_tunable_update_val
tunable_initialize
tunable_list
tunable_env_alias_list
dl-version.c
__PRETTY_FUNCTION__.1
_dl_check_map_versions.cold
__PRETTY_FUNCTION__.0
dl-write.c
dl-cache.c
search_cache
glibc_hwcaps_priorities_length
glibc_hwcaps_priorities
cache_new
cachesize
cache
glibc_hwcaps_priorities_allocated
glibc_hwcaps_priorities_malloced
_dl_load_cache_lookup.cold
__PRETTY_FUNCTION__.0
dl-cet.c
dl_check_legacy_object
dl_cet_check
dl-get-cpu-features.c
handle_zhaoxin
handle_amd
handle_hygon
_dl_tunable_set_prefer_map_32bit_exec
_dl_tunable_set_plt_rewrite
get_common_indices.constprop.0
get_common_cache_info.constprop.0
intel_check_word.constprop.0
intel_02_known
intel_check_word.constprop.0.cold
__PRETTY_FUNCTION__.0
handle_intel.constprop.0
update_active.constprop.0
init_cpu_features.constprop.0
CSWTCH.78
__x86_cpu_features_ifunc
tlsdesc.c
dl-audit.c
_dl_audit_pltenter.cold
__PRETTY_FUNCTION__.1
dl-compat.c
dl-diagnostics.c
print_quoted_char
unfiltered.1
dl-diagnostics-cpu.c
_dl_diagnostics_cpuid_store
_dl_diagnostics_cpuid_collect_1
_dl_diagnostics_cpuid_print_query
_dl_diagnostics_cpuid
cpuid_registers_zero
dl-diagnostics-kernel.c
print_uname
dl-environ.c
dl-hwcaps.c
copy_hwcaps
_dl_important_hwcaps.cold
__PRETTY_FUNCTION__.0
dl-hwcaps-subdirs.c
dl-hwcaps_split.c
dl-libc_freeres.c
free_slotinfo
dl-minimal.c
__rtld_malloc_is_complete.cold
__PRETTY_FUNCTION__.0
lookup_malloc_symbol
lookup_malloc_symbol.cold
__PRETTY_FUNCTION__.1
_itoa.cold
__PRETTY_FUNCTION__.2
__strsep.cold
__PRETTY_FUNCTION__.3
dl-mutex.c
__rtld_mutex_init.cold
__PRETTY_FUNCTION__.0
dl-profile.c
running
fromlimit
lowpc
textsize
log_hashfraction
narcsp
data
tos
fromidx
froms
narcs
dl-sysdep.c
_dl_sysdep_parse_arguments
_dl_tunable_set_hwcaps.cold
__PRETTY_FUNCTION__.0
auxvars.1
dl-usage.c
print_search_path_for_help_1.part.0
rtld.c
_dl_start
dlmopen_doit
dl_main
lookup_doit
map_doit
relocate_doit
print_unresolved
print_missing_version
do_preload
print_statistics_item
print_statistics
relocate_time
load_time
audit_list_next
unload_audit_module
unload_audit_module.cold
__PRETTY_FUNCTION__.14
version_check_doit
process_dl_debug.isra.0
debopts.5
init_tls
start_time
_dl_start.cold
__PRETTY_FUNCTION__.0
__PRETTY_FUNCTION__.1
_dl_rtld_libname
newname.3
rfv.9
preload_file.4
audit_iface_names.13
dl_main.cold
__PRETTY_FUNCTION__.10
__PRETTY_FUNCTION__.6
__PRETTY_FUNCTION__.2
__PRETTY_FUNCTION__.12
__PRETTY_FUNCTION__.11
__PRETTY_FUNCTION__.8
__PRETTY_FUNCTION__.7
dl-brk.c
dl-getcwd.c
__getcwd.cold
__PRETTY_FUNCTION__.0
dl-openat64.c
openat64.cold
__PRETTY_FUNCTION__.0
dl-opendir.c
dl-sbrk.c
check_fds.c
check_one_fd
errno.c
closedir.c
fdopendir.c
readdir64.c
rewinddir.c
getdents64.c
dl-addr-obj.c
prof-freq.c
profil.c
__profil_counter
pc_offset
pc_scale
nsamples
samples
access.c
fstat64.c
fstatat64.c
lseek64.c
lstat64.c
openat64.c
stat64.c
close_nocancel.c
close_nocancel_nostatus.c
fcntl_nocancel.c
open64_nocancel.c
pread64_nocancel.c
read_nocancel.c
write_nocancel.c
scratch_buffer_set_array_size.c
fd_to_filename.c
__fd_to_filename.cold
__PRETTY_FUNCTION__.0
mmap64.c
setvmaname.c
decorate_maps
lowlevellock.c
_exit.c
environ.c
libc_sigaction.c
__restore_rt
_fitoa_word.c
itoa-udigits.c
getenv.c
rtld-strcspn.c
strdup.c
strerrorname_np.c
setitimer.c
errname.c
_sys_errnameidx
_sys_errname

stpcpy
__libc_sigaction
__thread_gscope_wait
_dl_setup_hash
unsetenv
_dl_debug_printf
__GI___fstat64
bcmp
_dl_check_map_versions
__longjmp
_dl_receive_error
__ehdr_start
__GI__dl_find_dso_for_object
handle_preload_list
__GI__r_debug
_rseq_align
fstatat
__getpid
fdopendir
_dl_important_hwcaps
__GI___close_nocancel_nostatus
_dl_reloc_bad_type
_dl_debug_change_state
_dl_tunable_set_x86_ibt
__minimal_malloc
_dl_diagnostics_print_labeled_string
strerrorname_np
__strnlen
__tls_init_tp
stat64
memmove
__GI__itoa_lower_digits
_dl_new_object
___rtld_mutex_lock
_dl_audit_objclose
__fcntl64_nocancel
_dl_make_stack_executable
__GI__dl_allocate_tls_init
munmap
__GI___assert_fail
_DYNAMIC
_dl_x86_init_cpu_features
_dl_load_cache_lookup
__mmap
__mprotect
__GI__dl_mcount
getenv
__rtld_realloc
_itoa_word
_dl_sysdep_start
_dl_profile_fixup
__getcwd
__x86_cpu_features
getpid
__openat64
_dl_higher_prime_number
__lll_lock_wait
_dl_sysdep_start_cleanup
__GI__dl_allocate_tls
_dl_strtoul
_dl_rtld_map
_dl_init
__GI___munmap
memcpy
setitimer
__GI__dl_exception_create
__minimal_realloc
_dl_diagnostics_print_string
_dl_try_allocate_static_tls
_dl_addr_inside_object
__GI___open_nocancel
_dl_hwcaps_priorities
__libc_scratch_buffer_set_array_size
rewinddir
_dl_cet_setup_features
_dl_runtime_resolve_xsavec
__fd_to_filename
__rtld_libc_freeres
__stat
__rtld_calloc
_dlfo_sort_mappings
__environ_array_list
_dl_protect_relro
openat64
__strerror_r
_dl_hwcaps_subdirs
__GI___assert_perror_fail
__GI___write_nocancel
_dl_update_slotinfo
__GI__itoa_upper_digits
_dl_tls_threads_in_update
__strsep
__fstatat
_dl_printf
_dl_fini
__minimal_calloc
_dl_count_modids
readdir
_dl_audit_pltexit
__lseek64
mempcpy
__GI___libc_enable_secure
_environ
__GI__dl_catch_exception
__GI___rseq_size
___rtld_mutex_unlock
_dl_allocate_tls_storage
lseek
_dl_next_ld_env_entry
_dl_scope_free
__environ
mmap
target found: mmap
0x2240b0
made it here
0x20600000

dl-call-libc-early-init.c
_dl_call_libc_early_init.cold
__PRETTY_FUNCTION__.0
dl-call_fini.c
dl-catch.c
fatal_error
rtld_catch_notls
receiver
dl-close.c
remove_slotinfo
remove_slotinfo.cold
__PRETTY_FUNCTION__.0
dl_close_state.2
_dl_close_worker.cold
__PRETTY_FUNCTION__.1
dl-debug.c
_r_debug_main
dl-debug_state.c
dl-deps.c
openaux
_dl_map_object_deps.cold
__PRETTY_FUNCTION__.0
dl-exception.c
length_mismatch
_dl_out_of_memory
dl-execstack.c
dl-execstack-tunable.c
dl-find_object.c
_dl_find_object_from_map
_dlfo_process_initial_noncontiguous_map
_dlfo_nodelete_mappings
_dlfo_process_initial
_dlfo_loaded_mappings
_dlfo_nodelete_mappings_size
_dlfo_main
_dlfo_loaded_mappings_version
_dlfo_nodelete_mappings_end
__GI__dl_find_object.cold
__PRETTY_FUNCTION__.0
_dl_find_object_update.cold
__PRETTY_FUNCTION__.2
__PRETTY_FUNCTION__.1
dl-fini.c
_dl_fini.cold
__PRETTY_FUNCTION__.0
dl-init.c
call_init
call_init.cold
__PRETTY_FUNCTION__.0
dl-load.c
is_dst
is_trusted_path_normalize
_dl_notify_new_object
_dl_notify_new_object.cold
__PRETTY_FUNCTION__.0
open_verify.constprop.0
expected.4
open_path
max_capstrlen
max_dirnamelen
ncapstr
capstr
add_path.constprop.0.isra.0
add_name_to_object.isra.0
add_name_to_object.isra.0.cold
__PRETTY_FUNCTION__.6
expand_dynamic_string_token
expand_dynamic_string_token.cold
__PRETTY_FUNCTION__.8
fillin_rpath.isra.0
decompose_rpath
cache_rpath
system_dirs
_dl_init_paths.cold
__PRETTY_FUNCTION__.9
_dl_map_object_from_fd
_dl_map_object_from_fd.cold
__PRETTY_FUNCTION__.1
__PRETTY_FUNCTION__.2
_dl_lookup_map.cold
__PRETTY_FUNCTION__.7
dummy_bucket.5
dl-lookup.c
check_match
do_lookup_x
_dl_lookup_symbol_x.cold
__PRETTY_FUNCTION__.1
dl-lookup-direct.c
check_match
dl-minimal-malloc.c
alloc_end
alloc_ptr
alloc_last_block
__minimal_realloc.cold
__PRETTY_FUNCTION__.0
dl-misc.c
primes.0
dl-object.c
_dl_new_object.cold
__PRETTY_FUNCTION__.0
dl-open.c
add_to_global_update
add_to_global_update.cold
__PRETTY_FUNCTION__.5
dl_open_worker
dl_open_worker_begin
call_dl_init
_dl_open_relocate_one_object.part.0
add_to_global_resize_failure.isra.0
add_to_global_resize
__GI__dl_find_dso_for_object.cold
__PRETTY_FUNCTION__.0
_dl_open.cold
__PRETTY_FUNCTION__.1
dl_open_worker_begin.cold
__PRETTY_FUNCTION__.3
__PRETTY_FUNCTION__.2
__PRETTY_FUNCTION__.4
dl-origin.c
_dl_get_origin.cold
__PRETTY_FUNCTION__.0
dl-printf.c
_dl_debug_vdprintf
_dl_debug_vdprintf.cold
__PRETTY_FUNCTION__.0
dl-readonly-area.c
dl-reloc.c
errstring.1
msg.0
_dl_relocate_object_no_relro.cold
__PRETTY_FUNCTION__.2
dl-runtime.c
_dl_fixup.cold
__PRETTY_FUNCTION__.1
_dl_profile_fixup.cold
__PRETTY_FUNCTION__.0
dl-scope.c
dl-setup_hash.c
_dl_setup_hash.cold
__PRETTY_FUNCTION__.0
dl-sort-maps.c
dfs_traversal.part.0
__PRETTY_FUNCTION__.0
_dl_sort_maps.cold
dl-thread_gscope_wait.c
dl-tls.c
allocate_dtv
tls_get_addr_tail
_dl_resize_dtv
_dl_assign_tls_modid.cold
__PRETTY_FUNCTION__.1
__GI__dl_allocate_tls_init.cold
__PRETTY_FUNCTION__.2
_dl_update_slotinfo.cold
__PRETTY_FUNCTION__.3
update_get_addr
_dl_add_to_slotinfo.cold
__PRETTY_FUNCTION__.5
dl-tls_init_tp.c
rtld_mutex_dummy
dl-tunables.c
do_tunable_update_val
tunable_initialize
tunable_list
tunable_env_alias_list
dl-version.c
__PRETTY_FUNCTION__.1
_dl_check_map_versions.cold
__PRETTY_FUNCTION__.0
dl-write.c
dl-cache.c
search_cache
glibc_hwcaps_priorities_length
glibc_hwcaps_priorities
cache_new
cachesize
cache
glibc_hwcaps_priorities_allocated
glibc_hwcaps_priorities_malloced
_dl_load_cache_lookup.cold
__PRETTY_FUNCTION__.0
dl-cet.c
dl_check_legacy_object
dl_cet_check
dl-get-cpu-features.c
handle_zhaoxin
handle_amd
handle_hygon
_dl_tunable_set_prefer_map_32bit_exec
_dl_tunable_set_plt_rewrite
get_common_indices.constprop.0
get_common_cache_info.constprop.0
intel_check_word.constprop.0
intel_02_known
intel_check_word.constprop.0.cold
__PRETTY_FUNCTION__.0
handle_intel.constprop.0
update_active.constprop.0
init_cpu_features.constprop.0
CSWTCH.78
__x86_cpu_features_ifunc
tlsdesc.c
dl-audit.c
_dl_audit_pltenter.cold
__PRETTY_FUNCTION__.1
dl-compat.c
dl-diagnostics.c
print_quoted_char
unfiltered.1
dl-diagnostics-cpu.c
_dl_diagnostics_cpuid_store
_dl_diagnostics_cpuid_collect_1
_dl_diagnostics_cpuid_print_query
_dl_diagnostics_cpuid
cpuid_registers_zero
dl-diagnostics-kernel.c
print_uname
dl-environ.c
dl-hwcaps.c
copy_hwcaps
_dl_important_hwcaps.cold
__PRETTY_FUNCTION__.0
dl-hwcaps-subdirs.c
dl-hwcaps_split.c
dl-libc_freeres.c
free_slotinfo
dl-minimal.c
__rtld_malloc_is_complete.cold
__PRETTY_FUNCTION__.0
lookup_malloc_symbol
lookup_malloc_symbol.cold
__PRETTY_FUNCTION__.1
_itoa.cold
__PRETTY_FUNCTION__.2
__strsep.cold
__PRETTY_FUNCTION__.3
dl-mutex.c
__rtld_mutex_init.cold
__PRETTY_FUNCTION__.0
dl-profile.c
running
fromlimit
lowpc
textsize
log_hashfraction
narcsp
data
tos
fromidx
froms
narcs
dl-sysdep.c
_dl_sysdep_parse_arguments
_dl_tunable_set_hwcaps.cold
__PRETTY_FUNCTION__.0
auxvars.1
dl-usage.c
print_search_path_for_help_1.part.0
rtld.c
_dl_start
dlmopen_doit
dl_main
lookup_doit
map_doit
relocate_doit
print_unresolved
print_missing_version
do_preload
print_statistics_item
print_statistics
relocate_time
load_time
audit_list_next
unload_audit_module
unload_audit_module.cold
__PRETTY_FUNCTION__.14
version_check_doit
process_dl_debug.isra.0
debopts.5
init_tls
start_time
_dl_start.cold
__PRETTY_FUNCTION__.0
__PRETTY_FUNCTION__.1
_dl_rtld_libname
newname.3
rfv.9
preload_file.4
audit_iface_names.13
dl_main.cold
__PRETTY_FUNCTION__.10
__PRETTY_FUNCTION__.6
__PRETTY_FUNCTION__.2
__PRETTY_FUNCTION__.12
__PRETTY_FUNCTION__.11
__PRETTY_FUNCTION__.8
__PRETTY_FUNCTION__.7
dl-brk.c
dl-getcwd.c
__getcwd.cold
__PRETTY_FUNCTION__.0
dl-openat64.c
openat64.cold
__PRETTY_FUNCTION__.0
dl-opendir.c
dl-sbrk.c
check_fds.c
check_one_fd
errno.c
closedir.c
fdopendir.c
readdir64.c
rewinddir.c
getdents64.c
dl-addr-obj.c
prof-freq.c
profil.c
__profil_counter
pc_offset
pc_scale
nsamples
samples
access.c
fstat64.c
fstatat64.c
lseek64.c
lstat64.c
openat64.c
stat64.c
close_nocancel.c
close_nocancel_nostatus.c
fcntl_nocancel.c
open64_nocancel.c
pread64_nocancel.c
read_nocancel.c
write_nocancel.c
scratch_buffer_set_array_size.c
fd_to_filename.c
__fd_to_filename.cold
__PRETTY_FUNCTION__.0
mmap64.c
setvmaname.c
decorate_maps
lowlevellock.c
_exit.c
environ.c
libc_sigaction.c
__restore_rt
_fitoa_word.c
itoa-udigits.c
getenv.c
rtld-strcspn.c
strdup.c
strerrorname_np.c
setitimer.c
errname.c
_sys_errnameidx
_sys_errname

stpcpy
__libc_sigaction
__thread_gscope_wait
_dl_setup_hash
unsetenv
_dl_debug_printf
__GI___fstat64
bcmp
_dl_check_map_versions
__longjmp
_dl_receive_error
__ehdr_start
__GI__dl_find_dso_for_object
handle_preload_list
__GI__r_debug
_rseq_align
fstatat
__getpid
fdopendir
_dl_important_hwcaps
__GI___close_nocancel_nostatus
_dl_reloc_bad_type
_dl_debug_change_state
_dl_tunable_set_x86_ibt
__minimal_malloc
_dl_diagnostics_print_labeled_string
strerrorname_np
__strnlen
__tls_init_tp
stat64
memmove
__GI__itoa_lower_digits
_dl_new_object
___rtld_mutex_lock
_dl_audit_objclose
__fcntl64_nocancel
_dl_make_stack_executable
__GI__dl_allocate_tls_init
munmap
__GI___assert_fail
_DYNAMIC
_dl_x86_init_cpu_features
_dl_load_cache_lookup
__mmap
__mprotect
__GI__dl_mcount
getenv
__rtld_realloc
_itoa_word
_dl_sysdep_start
_dl_profile_fixup
__getcwd
__x86_cpu_features
getpid
__openat64
_dl_higher_prime_number
__lll_lock_wait
_dl_sysdep_start_cleanup
__GI__dl_allocate_tls
_dl_strtoul
_dl_rtld_map
_dl_init
__GI___munmap
memcpy
setitimer
__GI__dl_exception_create
__minimal_realloc
_dl_diagnostics_print_string
_dl_try_allocate_static_tls
_dl_addr_inside_object
__GI___open_nocancel
_dl_hwcaps_priorities
__libc_scratch_buffer_set_array_size
rewinddir
_dl_cet_setup_features
_dl_runtime_resolve_xsavec
__fd_to_filename
__rtld_libc_freeres
__stat
__rtld_calloc
_dlfo_sort_mappings
__environ_array_list
_dl_protect_relro
openat64
__strerror_r
_dl_hwcaps_subdirs
__GI___assert_perror_fail
__GI___write_nocancel
_dl_update_slotinfo
__GI__itoa_upper_digits
_dl_tls_threads_in_update
__strsep
__fstatat
_dl_printf
_dl_fini
__minimal_calloc
_dl_count_modids
readdir
_dl_audit_pltexit
__lseek64
mempcpy
__GI___libc_enable_secure
_environ
__GI__dl_catch_exception
__GI___rseq_size
___rtld_mutex_unlock
_dl_allocate_tls_storage
lseek
_dl_next_ld_env_entry
_dl_scope_free
__environ
mmap
_dl_audit_objopen
__rtld_malloc
_Exit
_r_debug_array
_dl_lookup_symbol_x
__sigjmp_save
__lstat64
_dl_close
__GI___tls_get_addr
fstat64
__open_nocancel
_dl_canonicalize
__GI___libc_stack_end
__sigsetjmp
__libc_lseek64
strnlen
__fcntl64_nocancel_adjusted
uname
_dl_lookup_direct
__stat64
__lll_lock_wake
_dl_tlsdesc_dynamic_xsavec
_dl_version
__get_errname
_dl_tunable_set_x86_shstk
__GI___mprotect
_dl_lookup_map
__libc_check_standard_fds
_rtld_local
__GI__dl_argv
__setitimer
__lll_lock_wake_private
__tls_pre_init_tp
_dl_rtld_auditstate
_dl_cet_open_check
_dl_error_printf
__GI___pread64_nocancel
__GI___chk_fail
environ
fstat
__GI__dl_fatal_printf
__rtld_malloc_is_complete
_dl_add_to_namespace_list
__rtld_version_placeholder_1
_dl_argc
_dl_debug_printf_c
_dl_tls_initial_modid_limit
__profile_frequency
_.stapsdt.base
__stpcpy
__mmap64
_dl_init_paths
__GI___tunable_get_val
_dl_x86_features_tlsdesc_state_size
_dl_runtime_profile_avx512
_dl_hwcaps_subdirs_active
__GI___sigsetjmp
__readdir64
__read_nocancel
__strchrnul
_dl_find_object_freeres
memchr
_dl_process_pt_gnu_property
__GI___tunable_set_val
__chk_fail
__readdir
_itoa
_dl_dst_substitute
_rseq_size
_start
lstat
__GI___read_nocancel
__GI___fcntl64_nocancel
__rtld_tls_init_tp_called
_dl_readonly_area
_dl_signal_cerror
__is_decorate_maps_enabled
__environ_counter
strncmp
_dl_find_object_dlclose
getdents64
__rtld_mutex_init
__GI___rseq_offset
__rtld_malloc_init_stubs
_dl_runtime_resolve_xsave
__GI__dl_find_object
__opendir
_dl_find_object_init
_dl_open
_dl_check_all_versions
_dl_debug_initialize
__strdup
_dl_audit_objsearch
_dl_audit_activity_nsid
__brk
readdir64
memcmp
__profil
lstat64
__GI__dl_deallocate_tls
_dl_get_origin
_dl_relocate_object_no_relro
_dl_handle_execstack_tunable
__GI___tunable_is_initialized
__GI_munmap
_dl_name_match_p
_dl_map_new_object
sbrk
_itoa_lower_digits
strdup
__GI_getpid
__rewinddir
_dl_help
_dl_random
_dl_unmap
index
memset
_dl_call_fini
_dl_start_profile
_dl_determine_tlsoffset
__pread64_nocancel
__GNU_EH_FRAME_HDR
_dl_call_libc_early_init
__GI_uname
_dl_hwcaps_split
_dl_cache_libcmp
__rtld_search_dirs
_dl_relocate_object
opendir
_rseq_offset
_dl_dst_count
__assert_fail
__GI__dl_signal_error
_rtld_local_ro
__lseek
__GI___close_nocancel
_dl_allocate_static_tls
__GI__exit
_dl_cet_check
__GI___lstat64
strcmp
_dl_diagnostics_print_labeled_value
__memchr
__rtld_free
_dl_print_diagnostics
getcwd
__libc_openat64
_dl_sort_maps
fstatat64
__write_nocancel
__mempcpy
__tls_get_addr_slow
_dl_unload_cache
strcspn
_dl_tls_initial_modid_limit_setup
__pthread_force_elision
__GI___tunables_print
mmap64
__GI__dl_exception_create_format
__fstat64
__GI___libc_fatal
_dl_runtime_profile_avx
profil
strsep
_dl_write
_dl_init_static_tls
__rtld_malloc_init_real
__strsep_g
_dl_hwcaps_contains
__libc_lseek
__GI__dl_audit_symbind_alt
__minimal_free
__uname
_dl_runtime_resolve_fxsave
_dl_debug_update
_dl_tls_get_addr_soft
__GI___open64_nocancel
_dl_start_user
_dl_audit_activity_map
__x86_cpu_features_p
stat
__fstatat64
__set_vma_name
__rtld_env_path_list
_dl_map_object
__GI___getpid
_dl_make_tlsdesc_dynamic
access
__GI_mprotect
_GLOBAL_OFFSET_TABLE_
_end
_dl_fixup
_fitoa_word
__fdopendir
__GI___stat64
__tunable_get_default
__GI___tunable_get_default
_r_debug_extended
__GI__dl_signal_exception
__GI___nptl_initial_report_events
__curbrk
__GI__dl_debug_state
_dl_debug_post_relocate
_dl_dprintf
_dl_find_object
__closedir
_dl_diagnostics_cpu
__munmap
_dl_runtime_profile_sse
__openat
brk
_dl_usage
__assert_perror_fail
_dl_tlsdesc_dynamic_xsave
openat
__fstat
__open64_nocancel
_dl_audit_pltenter
__lstat
_dl_diagnostics_kernel
_exit
_dl_tlsdesc_return
_dl_hwcaps_split_masked
rtld_errno
__alloc_dir
___tls_get_addr
__getdents64
__lll_lock_wait_private
strlen
lseek64
__GI___fstatat
__GI___uname
_dl_show_scope
_dl_sort_maps_init
_dl_error_free
strchr
_dl_audit_symbind
_dl_add_to_slotinfo
_dl_show_auxv
__libc_fatal
__sbrk
__GI__dl_exception_free
mprotect
__access
_dl_tlsdesc_dynamic_fxsave
closedir
_dl_signal_cexception
__GI___fstatat64
_dl_sysdep_read_whole_file
strchrnul
_dl_find_object_update
_dl_hwcaps_priorities_length
_dl_catch_error
_dl_tlsdesc_undefweak
__GI___tunables_init
__pointer_chk_guard_local
_dl_assign_tls_modid
_dl_close_worker
_dl_tls_static_surplus_init
_dl_tunable_set_hwcaps
_dl_map_object_deps
_rtld_global
_dl_audit_preinit
_dl_find_dso_for_object
_dl_exception_create
__libc_stack_end
_dl_catch_exception
_dl_fatal_printf
_dl_audit_symbind_alt
_dl_deallocate_tls
GLIBC_2.2.5
_dl_signal_exception
__tunable_get_val
__tunable_is_initialized
__libc_enable_secure
__rseq_offset
__tls_get_addr
GLIBC_2.4
_dl_get_tls_static_info
_dl_exception_free
GLIBC_2.34
_dl_debug_state
_dl_argv
__rtld_version_placeholder@GLIBC_2.34
_dl_allocate_tls_init
GLIBC_PRIVATE
_rtld_global_ro
_dl_rtld_di_serinfo
_dl_x86_get_cpu_features
GLIBC_2.35
_dl_mcount
__rseq_flags
_dl_allocate_tls
__nptl_initial_report_events
_dl_signal_error
_dl_exception_create_format
__rseq_size
_r_debug
GLIBC_2.3
target: print_from_host
function not found
0x0
print_from_host not found in sandbox
